<?xml version="1.0" encoding="UTF-8"?>
<!-- Generated by org.testng.reporters.JUnitReportReporter -->
<testsuite skipped="0" hostname="BDC6-DX-6DR7NK2" name="seleniumproject.newsel1" tests="1" failures="0" timestamp="13 Jun 2019 07:47:27 GMT" time="9.703" errors="0">
  <testcase name="testGoogleHomepage" time="9.703" classname="seleniumproject.newsel1"/>
</testsuite> <!-- seleniumproject.newsel1 -->
