<?xml version="1.0" encoding="UTF-8"?>
<!-- Generated by org.testng.reporters.JUnitReportReporter -->
<testsuite skipped="0" hostname="BDC6-DX-6DR7NK2" name="seleniumproject.demolinks" tests="1" failures="0" timestamp="18 Jun 2019 03:34:57 GMT" time="10.388" errors="0">
  <testcase name="demoptest" time="10.388" classname="seleniumproject.demolinks"/>
</testsuite> <!-- seleniumproject.demolinks -->
