<?xml version="1.0" encoding="UTF-8"?>
<!-- Generated by org.testng.reporters.JUnitReportReporter -->
<testsuite skipped="0" hostname="BDC6-DX-6DR7NK2" name="seleniumproject.hdfcCredit" tests="1" failures="0" timestamp="17 Jun 2019 09:55:08 GMT" time="30.670" errors="0">
  <testcase name="newtest4" time="30.670" classname="seleniumproject.hdfcCredit"/>
</testsuite> <!-- seleniumproject.hdfcCredit -->
