<?xml version="1.0" encoding="UTF-8"?>
<!-- Generated by org.testng.reporters.JUnitReportReporter -->
<testsuite skipped="0" hostname="BDC6-DX-6DR7NK2" name="testmeapp.tests.OnlineShoppingTest" tests="3" failures="0" timestamp="19 Jun 2019 04:56:25 GMT" time="4.898" errors="0">
  <testcase name="testLogin" time="1.824" classname="testmeapp.tests.OnlineShoppingTest"/>
  <testcase name="testCart" time="1.470" classname="testmeapp.tests.OnlineShoppingTest"/>
  <testcase name="testPayment" time="1.604" classname="testmeapp.tests.OnlineShoppingTest"/>
</testsuite> <!-- testmeapp.tests.OnlineShoppingTest -->
