<?xml version="1.0" encoding="UTF-8"?>
<!-- Generated by org.testng.reporters.JUnitReportReporter -->
<testsuite skipped="0" hostname="BDC6-DX-6DR7NK2" name="seleniumproject.DDT" tests="1" failures="0" timestamp="18 Jun 2019 07:10:35 GMT" time="0.585" errors="0">
  <testcase name="trstreadexcel" time="0.585" classname="seleniumproject.DDT"/>
</testsuite> <!-- seleniumproject.DDT -->
