<?xml version="1.0" encoding="UTF-8"?>
<!-- Generated by org.testng.reporters.JUnitReportReporter -->
<testsuite skipped="0" hostname="BDC6-DX-6DR7NK2" name="seleniumproject.Login" tests="1" failures="0" timestamp="13 Jun 2019 10:29:05 GMT" time="13.514" errors="0">
  <testcase name="testDemoWebShopLogin" time="13.514" classname="seleniumproject.Login"/>
</testsuite> <!-- seleniumproject.Login -->
