<?xml version="1.0" encoding="UTF-8"?>
<!-- Generated by org.testng.reporters.JUnitReportReporter -->
<testsuite skipped="0" hostname="BDC6-DX-6DR7NK2" name="seleniumproject.AlertBox" tests="1" failures="0" timestamp="18 Jun 2019 05:37:33 GMT" time="7.916" errors="0">
  <testcase name="alerts" time="7.916" classname="seleniumproject.AlertBox"/>
</testsuite> <!-- seleniumproject.AlertBox -->
